<?xml version="1.0" encoding="UTF-8"?>
<!-- Generated by org.testng.reporters.JUnitReportReporter -->
<testsuite hostname="LAPTOP-S4APPMN9" failures="0" tests="3" name="TestCases.InventoryPageTest" time="14.091" errors="0" timestamp="2023-01-13T19:07:27 IST" skipped="1">
  <testcase classname="TestCases.InventoryPageTest" name="addProductTest" time="4.516"/>
  <testcase classname="TestCases.InventoryPageTest" name="verifyNameListTest" time="9.575"/>
  <testcase classname="TestCases.InventoryPageTest" name="verifylinkdinLogoBtnTest">
    <skipped/>
  </testcase> <!-- verifylinkdinLogoBtnTest -->
</testsuite> <!-- TestCases.InventoryPageTest -->
