<?xml version="1.0" encoding="UTF-8"?>
<!-- Generated by org.testng.reporters.JUnitReportReporter -->
<testsuite hostname="LAPTOP-S4APPMN9" failures="0" tests="3" name="TestCases.CartPageTest" time="43.720" errors="0" timestamp="2023-01-12T23:40:50 IST" skipped="0">
  <testcase classname="TestCases.CartPageTest" name="verifyQuslityTextTest" time="12.412"/>
  <testcase classname="TestCases.CartPageTest" name="verifyYourCartTextTest" time="13.828"/>
  <testcase classname="TestCases.CartPageTest" name="verifyCartPageUrlTest" time="17.480"/>
</testsuite> <!-- TestCases.CartPageTest -->
