<?xml version="1.0" encoding="UTF-8"?>
<!-- Generated by org.testng.reporters.JUnitReportReporter -->
<testsuite hostname="LAPTOP-S4APPMN9" failures="0" tests="2" name="TestCases.CheckOut_One_Test" time="28.217" errors="0" timestamp="2022-12-31T23:38:22 IST" skipped="0">
  <testcase classname="TestCases.CheckOut_One_Test" name="verifyContiBtnClick" time="12.919"/>
  <testcase classname="TestCases.CheckOut_One_Test" name="verifyContiBtnFunctionalityTest" time="15.298"/>
</testsuite> <!-- TestCases.CheckOut_One_Test -->
