<?xml version="1.0" encoding="UTF-8"?>
<!-- Generated by org.testng.reporters.JUnitReportReporter -->
<testsuite hostname="LAPTOP-S4APPMN9" failures="0" tests="1" name="TestCases.CheckOut_TwoPageTest" time="10.900" errors="0" timestamp="2023-01-02T15:05:15 IST" skipped="0">
  <testcase classname="TestCases.CheckOut_TwoPageTest" name="verifyCancelBtnFunctionalityTest" time="10.900"/>
</testsuite> <!-- TestCases.CheckOut_TwoPageTest -->
